#
# A fatal error has been detected by the Java Runtime Environment:
#
#  EXCEPTION_ACCESS_VIOLATION (0xc0000005) at pc=0x0000000072c02ecf, pid=4508, tid=7592
#
# JRE version: Java(TM) SE Runtime Environment (8.0_40-b25) (build 1.8.0_40-b25)
# Java VM: Java HotSpot(TM) 64-Bit Server VM (25.40-b25 mixed mode windows-amd64 compressed oops)
# Problematic frame:
# V  [jvm.dll+0x492ecf]
#
# Failed to write core dump. Minidumps are not enabled by default on client versions of Windows
#
# If you would like to submit a bug report, please visit:
#   http://bugreport.java.com/bugreport/crash.jsp
#

---------------  T H R E A D  ---------------

Current thread (0x000000001e48d000):  JavaThread "C2 CompilerThread1" daemon [_thread_in_native, id=7592, stack(0x000000001eb60000,0x000000001ec60000)]

siginfo: ExceptionCode=0xc0000005, reading address 0x000000000000000c

Registers:
RAX=0x000000001f4c5718, RBX=0x0000000021ece490, RCX=0x0000000000000003, RDX=0x0000000000000003
RSP=0x000000001ec5c5e0, RBP=0x000000001ec5ca60, RSI=0x000000001ec5c770, RDI=0x0000000000002764
R8 =0x0000000000000010, R9 =0x0000000000000000, R10=0x0000000072770000, R11=0x0000000000000002
R12=0x0000000072f74778, R13=0x0000000072770000, R14=0x0000000072770000, R15=0x0000000000000000
RIP=0x0000000072c02ecf, EFLAGS=0x0000000000010202

Top of Stack: (sp=0x000000001ec5c5e0)
0x000000001ec5c5e0:   0000000021db53b0 0000000021ec6c90
0x000000001ec5c5f0:   000000001ec5ca60 000000001ec5c770
0x000000001ec5c600:   00001dbf00000000 0000000000000006
0x000000001ec5c610:   00000000211c0dc0 000000000000001e
0x000000001ec5c620:   00000000202126b8 0000000000000031
0x000000001ec5c630:   0000000021f2eed0 00000000207e3368
0x000000001ec5c640:   000000000000752f ffffffffffffffff
0x000000001ec5c650:   0000000000000001 0000000072bcdd24
0x000000001ec5c660:   00000000220a7c10 000000001ec5ca60
0x000000001ec5c670:   0000000000002764 0000000000189de0
0x000000001ec5c680:   0000275900000000 0000000000000008
0x000000001ec5c690:   0000000021112f20 0000000000000031
0x000000001ec5c6a0:   0000000020212530 0000000000000031
0x000000001ec5c6b0:   0000000021f2ee30 0000000000000000
0x000000001ec5c6c0:   000000001e4d9178 0000000000000000
0x000000001ec5c6d0:   00000000000003d8 000000001e4d8da0 

Instructions: (pc=0x0000000072c02ecf)
0x0000000072c02eaf:   e8 3c 47 00 00 4c 8b c8 8b d7 8b cf 41 b8 01 00
0x0000000072c02ebf:   00 00 c1 ea 05 83 e1 1f 83 e2 07 41 d3 e0 8b ca
0x0000000072c02ecf:   41 8b 14 91 8b c2 41 0b c0 41 89 04 89 41 85 d0
0x0000000072c02edf:   0f 85 4b ff ff ff ff 03 e9 44 ff ff ff 48 8b 9c 


Register to memory mapping:

RAX=0x000000001f4c5718 is an unknown value
RBX=0x0000000021ece490 is an unknown value
RCX=0x0000000000000003 is an unknown value
RDX=0x0000000000000003 is an unknown value
RSP=0x000000001ec5c5e0 is pointing into the stack for thread: 0x000000001e48d000
RBP=0x000000001ec5ca60 is pointing into the stack for thread: 0x000000001e48d000
RSI=0x000000001ec5c770 is pointing into the stack for thread: 0x000000001e48d000
RDI=0x0000000000002764 is an unknown value
R8 =0x0000000000000010 is an unknown value
R9 =0x0000000000000000 is an unknown value
R10=0x0000000072770000 is an unknown value
R11=0x0000000000000002 is an unknown value
R12=0x0000000072f74778 is an unknown value
R13=0x0000000072770000 is an unknown value
R14=0x0000000072770000 is an unknown value
R15=0x0000000000000000 is an unknown value


Stack: [0x000000001eb60000,0x000000001ec60000],  sp=0x000000001ec5c5e0,  free space=1009k
Native frames: (J=compiled Java code, j=interpreted, Vv=VM code, C=native code)
V  [jvm.dll+0x492ecf]
V  [jvm.dll+0x45dd24]
V  [jvm.dll+0x45f9c3]
V  [jvm.dll+0x46a73b]
V  [jvm.dll+0x46cd52]
V  [jvm.dll+0x4500d2]
V  [jvm.dll+0xa4312]
V  [jvm.dll+0xa4c4f]
V  [jvm.dll+0x241914]
V  [jvm.dll+0x29848a]
C  [msvcr100.dll+0x21d9f]
C  [msvcr100.dll+0x21e3b]
C  [KERNEL32.DLL+0x13d2]
C  [ntdll.dll+0x15444]


Current CompileTask:
C2:   3564 2307   !   4       org.codehaus.plexus.interpolation.StringSearchInterpolator::interpolate (665 bytes)


---------------  P R O C E S S  ---------------

Java Threads: ( => current thread )
  0x000000001e4ca000 JavaThread "Service Thread" daemon [_thread_blocked, id=4332, stack(0x000000001ee60000,0x000000001ef60000)]
  0x000000001e497800 JavaThread "C1 CompilerThread3" daemon [_thread_in_native, id=1672, stack(0x000000001ed60000,0x000000001ee60000)]
  0x000000001e492000 JavaThread "C2 CompilerThread2" daemon [_thread_in_native, id=3048, stack(0x000000001ec60000,0x000000001ed60000)]
=>0x000000001e48d000 JavaThread "C2 CompilerThread1" daemon [_thread_in_native, id=7592, stack(0x000000001eb60000,0x000000001ec60000)]
  0x000000001e488800 JavaThread "C2 CompilerThread0" daemon [_thread_in_native, id=4736, stack(0x000000001ea60000,0x000000001eb60000)]
  0x000000001e486000 JavaThread "Attach Listener" daemon [_thread_blocked, id=5876, stack(0x000000001e960000,0x000000001ea60000)]
  0x000000001e485000 JavaThread "Signal Dispatcher" daemon [_thread_blocked, id=6924, stack(0x000000001e860000,0x000000001e960000)]
  0x00000000029da000 JavaThread "Finalizer" daemon [_thread_blocked, id=7588, stack(0x000000001e360000,0x000000001e460000)]
  0x000000001c48d800 JavaThread "Reference Handler" daemon [_thread_blocked, id=7460, stack(0x000000001e260000,0x000000001e360000)]
  0x000000000279d800 JavaThread "main" [_thread_in_native, id=7056, stack(0x00000000027e0000,0x00000000028e0000)]

Other Threads:
  0x000000001c489000 VMThread [stack: 0x000000001e160000,0x000000001e260000] [id=3904]
  0x000000001e4cb000 WatcherThread [stack: 0x000000001ef60000,0x000000001f060000] [id=8144]

VM state:not at safepoint (normal execution)

VM Mutex/Monitor currently owned by a thread: None

Heap:
 PSYoungGen      total 76288K, used 51372K [0x000000076af00000, 0x0000000770400000, 0x00000007c0000000)
  eden space 65536K, 67% used [0x000000076af00000,0x000000076d9efc20,0x000000076ef00000)
  from space 10752K, 68% used [0x000000076f980000,0x00000007700bb4d8,0x0000000770400000)
  to   space 10752K, 0% used [0x000000076ef00000,0x000000076ef00000,0x000000076f980000)
 ParOldGen       total 175104K, used 32K [0x00000006c0c00000, 0x00000006cb700000, 0x000000076af00000)
  object space 175104K, 0% used [0x00000006c0c00000,0x00000006c0c08000,0x00000006cb700000)
 Metaspace       used 13708K, capacity 13936K, committed 14080K, reserved 1060864K
  class space    used 1622K, capacity 1720K, committed 1792K, reserved 1048576K

Card table byte_map: [0x0000000011da0000,0x00000000125a0000] byte_map_base: 0x000000000e79a000

Marking Bits: (ParMarkBitMap*) 0x0000000072f74040
 Begin Bits: [0x0000000013300000, 0x00000000172d0000)
 End Bits:   [0x00000000172d0000, 0x000000001b2a0000)

Polling page: 0x0000000000de0000

CodeCache: size=245760Kb used=9549Kb max_used=9549Kb free=236210Kb
 bounds [0x00000000029e0000, 0x0000000003340000, 0x00000000119e0000]
 total_blobs=2989 nmethods=2668 adapters=233
 compilation: enabled

Compilation events (10 events):
Event: 3.024 Thread 0x000000001e497800 2654   !   3       org.codehaus.plexus.classworlds.realm.ClassRealm::loadClassFromImport (21 bytes)
Event: 3.024 Thread 0x000000001e497800 nmethod 2654 0x00000000033289d0 code [0x0000000003328b60, 0x0000000003328eb8]
Event: 3.025 Thread 0x000000001e492000 nmethod 2655 0x0000000003322e50 code [0x0000000003322f80, 0x0000000003323058]
Event: 3.025 Thread 0x000000001e492000 2656       4       java.util.TreeMap$KeyIterator::next (8 bytes)
Event: 3.026 Thread 0x000000001e488800 nmethod 2652 0x0000000003326d90 code [0x0000000003326ee0, 0x0000000003327198]
Event: 3.027 Thread 0x000000001e497800 2657       3       org.netbeans.shaded.json.simple.JSONValue::escape (276 bytes)
Event: 3.027 Thread 0x000000001e488800 2658       4       sun.nio.cs.SingleByte$Encoder::encode (32 bytes)
Event: 3.028 Thread 0x000000001e492000 nmethod 2656 0x00000000033266d0 code [0x0000000003326820, 0x0000000003326998]
Event: 3.028 Thread 0x000000001e488800 nmethod 2658 0x0000000003326350 code [0x00000000033264a0, 0x00000000033265b8]
Event: 3.029 Thread 0x000000001e497800 nmethod 2657 0x000000000332a990 code [0x000000000332ad40, 0x000000000332dec8]

GC Heap History (4 events):
Event: 1.599 GC heap before
{Heap before GC invocations=1 (full 0):
 PSYoungGen      total 76288K, used 65536K [0x000000076af00000, 0x0000000770400000, 0x00000007c0000000)
  eden space 65536K, 100% used [0x000000076af00000,0x000000076ef00000,0x000000076ef00000)
  from space 10752K, 0% used [0x000000076f980000,0x000000076f980000,0x0000000770400000)
  to   space 10752K, 0% used [0x000000076ef00000,0x000000076ef00000,0x000000076f980000)
 ParOldGen       total 175104K, used 0K [0x00000006c0c00000, 0x00000006cb700000, 0x000000076af00000)
  object space 175104K, 0% used [0x00000006c0c00000,0x00000006c0c00000,0x00000006cb700000)
 Metaspace       used 12125K, capacity 12314K, committed 12672K, reserved 1060864K
  class space    used 1489K, capacity 1547K, committed 1664K, reserved 1048576K
Event: 1.609 GC heap after
Heap after GC invocations=1 (full 0):
 PSYoungGen      total 76288K, used 10014K [0x000000076af00000, 0x0000000770400000, 0x00000007c0000000)
  eden space 65536K, 0% used [0x000000076af00000,0x000000076af00000,0x000000076ef00000)
  from space 10752K, 93% used [0x000000076ef00000,0x000000076f8c7900,0x000000076f980000)
  to   space 10752K, 0% used [0x000000076f980000,0x000000076f980000,0x0000000770400000)
 ParOldGen       total 175104K, used 16K [0x00000006c0c00000, 0x00000006cb700000, 0x000000076af00000)
  object space 175104K, 0% used [0x00000006c0c00000,0x00000006c0c04000,0x00000006cb700000)
 Metaspace       used 12125K, capacity 12314K, committed 12672K, reserved 1060864K
  class space    used 1489K, capacity 1547K, committed 1664K, reserved 1048576K
}
Event: 2.477 GC heap before
{Heap before GC invocations=2 (full 0):
 PSYoungGen      total 76288K, used 75550K [0x000000076af00000, 0x0000000770400000, 0x00000007c0000000)
  eden space 65536K, 100% used [0x000000076af00000,0x000000076ef00000,0x000000076ef00000)
  from space 10752K, 93% used [0x000000076ef00000,0x000000076f8c7900,0x000000076f980000)
  to   space 10752K, 0% used [0x000000076f980000,0x000000076f980000,0x0000000770400000)
 ParOldGen       total 175104K, used 16K [0x00000006c0c00000, 0x00000006cb700000, 0x000000076af00000)
  object space 175104K, 0% used [0x00000006c0c00000,0x00000006c0c04000,0x00000006cb700000)
 Metaspace       used 12882K, capacity 13074K, committed 13440K, reserved 1060864K
  class space    used 1528K, capacity 1583K, committed 1664K, reserved 1048576K
Event: 2.485 GC heap after
Heap after GC invocations=2 (full 0):
 PSYoungGen      total 76288K, used 7405K [0x000000076af00000, 0x0000000770400000, 0x00000007c0000000)
  eden space 65536K, 0% used [0x000000076af00000,0x000000076af00000,0x000000076ef00000)
  from space 10752K, 68% used [0x000000076f980000,0x00000007700bb4d8,0x0000000770400000)
  to   space 10752K, 0% used [0x000000076ef00000,0x000000076ef00000,0x000000076f980000)
 ParOldGen       total 175104K, used 32K [0x00000006c0c00000, 0x00000006cb700000, 0x000000076af00000)
  object space 175104K, 0% used [0x00000006c0c00000,0x00000006c0c08000,0x00000006cb700000)
 Metaspace       used 12882K, capacity 13074K, committed 13440K, reserved 1060864K
  class space    used 1528K, capacity 1583K, committed 1664K, reserved 1048576K
}

Deoptimization events (10 events):
Event: 2.251 Thread 0x000000000279d800 Uncommon trap: reason=bimorphic action=maybe_recompile pc=0x0000000002e7143c method=java.util.concurrent.ConcurrentHashMap.get(Ljava/lang/Object;)Ljava/lang/Object; @ 149
Event: 2.257 Thread 0x000000000279d800 Uncommon trap: reason=bimorphic action=maybe_recompile pc=0x0000000002e7143c method=java.util.concurrent.ConcurrentHashMap.get(Ljava/lang/Object;)Ljava/lang/Object; @ 149
Event: 2.333 Thread 0x000000000279d800 Uncommon trap: reason=unstable_if action=reinterpret pc=0x0000000002f0191c method=java.util.LinkedHashMap.afterNodeInsertion(Z)V @ 18
Event: 2.486 Thread 0x000000000279d800 Uncommon trap: reason=unstable_if action=reinterpret pc=0x000000000318485c method=java.lang.ref.ReferenceQueue.poll()Ljava/lang/ref/Reference; @ 4
Event: 2.750 Thread 0x000000000279d800 Uncommon trap: reason=speculate_class_check action=maybe_recompile pc=0x00000000030bb3c8 method=java.nio.charset.CharsetDecoder.decode(Ljava/nio/ByteBuffer;Ljava/nio/CharBuffer;Z)Ljava/nio/charset/CoderResult; @ 57
Event: 2.751 Thread 0x000000000279d800 Uncommon trap: reason=speculate_class_check action=maybe_recompile pc=0x00000000030bb3c8 method=java.nio.charset.CharsetDecoder.decode(Ljava/nio/ByteBuffer;Ljava/nio/CharBuffer;Z)Ljava/nio/charset/CoderResult; @ 57
Event: 2.755 Thread 0x000000000279d800 Uncommon trap: reason=class_check action=maybe_recompile pc=0x00000000031b6020 method=org.apache.maven.model.interpolation.StringSearchModelInterpolator$InterpolateObjectAction.interpolateMapField(Ljava/lang/Object;Ljava/lang/reflect/Field;)V @ 126
Event: 2.760 Thread 0x000000000279d800 Uncommon trap: reason=unstable_if action=reinterpret pc=0x000000000321f094 method=java.util.IdentityHashMap.nextKeyIndex(II)I @ 4
Event: 2.981 Thread 0x000000000279d800 Uncommon trap: reason=unstable_if action=reinterpret pc=0x000000000329fafc method=org.sonatype.guice.bean.locators.RankedBindings$Itr.hasNext()Z @ 60
Event: 3.015 Thread 0x000000000279d800 Uncommon trap: reason=unstable_if action=reinterpret pc=0x00000000031a08dc method=java.util.ArrayList.remove(Ljava/lang/Object;)Z @ 46

Internal exceptions (10 events):
Event: 0.610 Thread 0x000000000279d800 Exception <a 'java/lang/ArrayIndexOutOfBoundsException'> (0x000000076c9d31e8) thrown at [D:\re\workspace\8-2-build-windows-amd64-cygwin\jdk8u40\2855\hotspot\src\share\vm\runtime\sharedRuntime.cpp, line 605]
Event: 0.610 Thread 0x000000000279d800 Exception <a 'java/lang/ArrayIndexOutOfBoundsException'> (0x000000076c9d5480) thrown at [D:\re\workspace\8-2-build-windows-amd64-cygwin\jdk8u40\2855\hotspot\src\share\vm\runtime\sharedRuntime.cpp, line 605]
Event: 0.717 Thread 0x000000000279d800 Exception <a 'java/lang/NoClassDefFoundError': org/slf4j/Logger> (0x000000076cf464a8) thrown at [D:\re\workspace\8-2-build-windows-amd64-cygwin\jdk8u40\2855\hotspot\src\share\vm\classfile\systemDictionary.cpp, line 199]
Event: 0.799 Thread 0x000000000279d800 Exception <a 'java/lang/NoClassDefFoundError': org/slf4j/LoggerFactory> (0x000000076d1daff8) thrown at [D:\re\workspace\8-2-build-windows-amd64-cygwin\jdk8u40\2855\hotspot\src\share\vm\classfile\systemDictionary.cpp, line 199]
Event: 0.799 Thread 0x000000000279d800 Exception <a 'java/lang/NoClassDefFoundError'> (0x000000076d1daff8) thrown at [D:\re\workspace\8-2-build-windows-amd64-cygwin\jdk8u40\2855\hotspot\src\share\vm\oops\instanceKlass.cpp, line 938]
Event: 1.593 Thread 0x000000000279d800 Implicit null exception at 0x0000000002da5055 to 0x0000000002da5259
Event: 1.593 Thread 0x000000000279d800 Implicit null exception at 0x0000000002d244af to 0x0000000002d24519
Event: 1.647 Thread 0x000000000279d800 Implicit null exception at 0x0000000002f01036 to 0x0000000002f012c5
Event: 2.029 Thread 0x000000000279d800 Implicit null exception at 0x0000000002d8057b to 0x0000000002d80cc9
Event: 2.962 Thread 0x000000000279d800 Exception <a 'java/lang/NoClassDefFoundError': org/slf4j/Logger> (0x000000076d4b6c00) thrown at [D:\re\workspace\8-2-build-windows-amd64-cygwin\jdk8u40\2855\hotspot\src\share\vm\oops\constantPool.cpp, line 235]

Events (10 events):
Event: 3.024 loading class org/apache/maven/plugin/dependency/utils/filters/DestFileFilter
Event: 3.024 loading class org/apache/maven/plugin/dependency/utils/filters/DestFileFilter done
Event: 3.024 loading class org/apache/maven/shared/artifact/filter/collection/AbstractArtifactsFilter
Event: 3.024 loading class org/apache/maven/shared/artifact/filter/collection/AbstractArtifactsFilter done
Event: 3.024 loading class org/apache/maven/shared/artifact/filter/collection/AbstractArtifactsFilter
Event: 3.024 loading class org/apache/maven/shared/artifact/filter/collection/AbstractArtifactsFilter done
Event: 3.025 loading class org/apache/maven/shared/artifact/filter/collection/ArtifactsFilter
Event: 3.025 loading class org/apache/maven/shared/artifact/filter/collection/ArtifactsFilter done
Event: 3.025 loading class org/apache/maven/shared/artifact/filter/collection/ArtifactsFilter
Event: 3.025 loading class org/apache/maven/shared/artifact/filter/collection/ArtifactsFilter done


Dynamic libraries:
0x00007ff7db2b0000 - 0x00007ff7db2e7000 	C:\Program Files\Java\jdk1.8.0_40\bin\java.exe
0x00007ffca8580000 - 0x00007ffca872c000 	C:\Windows\SYSTEM32\ntdll.dll
0x00007ffca7600000 - 0x00007ffca773e000 	C:\Windows\system32\KERNEL32.DLL
0x00007ffca5ae0000 - 0x00007ffca5bf5000 	C:\Windows\system32\KERNELBASE.dll
0x00007ffca4270000 - 0x00007ffca42fe000 	C:\Windows\system32\apphelp.dll
0x00007ffc98540000 - 0x00007ffc98593000 	C:\Windows\AppPatch\AppPatch64\AcGenral.DLL
0x00007ffca7ac0000 - 0x00007ffca7b6a000 	C:\Windows\system32\msvcrt.dll
0x00007ffca54a0000 - 0x00007ffca54ce000 	C:\Windows\SYSTEM32\SspiCli.dll
0x00007ffca82c0000 - 0x00007ffca8314000 	C:\Windows\system32\SHLWAPI.dll
0x00007ffca7940000 - 0x00007ffca7ab7000 	C:\Windows\system32\USER32.dll
0x00007ffca7de0000 - 0x00007ffca7f74000 	C:\Windows\system32\ole32.dll
0x00007ffca60d0000 - 0x00007ffca75e8000 	C:\Windows\system32\SHELL32.dll
0x00007ffca4ce0000 - 0x00007ffca4d01000 	C:\Windows\SYSTEM32\USERENV.dll
0x00007ffca8370000 - 0x00007ffca841a000 	C:\Windows\system32\ADVAPI32.dll
0x00007ffc96c20000 - 0x00007ffc96c3e000 	C:\Windows\SYSTEM32\MPR.dll
0x00007ffca5f80000 - 0x00007ffca60c1000 	C:\Windows\system32\RPCRT4.dll
0x00007ffca5f20000 - 0x00007ffca5f79000 	C:\Windows\SYSTEM32\sechost.dll
0x00007ffca80a0000 - 0x00007ffca82b1000 	C:\Windows\SYSTEM32\combase.dll
0x00007ffca8420000 - 0x00007ffca8571000 	C:\Windows\system32\GDI32.dll
0x00007ffca56d0000 - 0x00007ffca56e5000 	C:\Windows\SYSTEM32\profapi.dll
0x00007ffca3c20000 - 0x00007ffca3cd2000 	C:\Windows\SYSTEM32\SHCORE.dll
0x00007ffca8330000 - 0x00007ffca8366000 	C:\Windows\system32\IMM32.DLL
0x00007ffca7740000 - 0x00007ffca7892000 	C:\Windows\system32\MSCTF.dll
0x00007ffca3310000 - 0x00007ffca358b000 	C:\Windows\WinSxS\amd64_microsoft.windows.common-controls_6595b64144ccf1df_6.0.9600.17784_none_624760d1ecb7236e\COMCTL32.dll
0x00000000732f0000 - 0x00000000733c2000 	C:\Program Files\Java\jdk1.8.0_40\jre\bin\msvcr100.dll
0x0000000072770000 - 0x0000000072ff3000 	C:\Program Files\Java\jdk1.8.0_40\jre\bin\server\jvm.dll
0x00007ffc9b8b0000 - 0x00007ffc9b8b9000 	C:\Windows\SYSTEM32\WSOCK32.dll
0x00007ffca1b50000 - 0x00007ffca1b72000 	C:\Windows\SYSTEM32\WINMM.dll
0x00007ffca20a0000 - 0x00007ffca20aa000 	C:\Windows\SYSTEM32\VERSION.dll
0x00007ffca7930000 - 0x00007ffca7937000 	C:\Windows\system32\PSAPI.DLL
0x00007ffca7f80000 - 0x00007ffca7fda000 	C:\Windows\system32\WS2_32.dll
0x00007ffca1b10000 - 0x00007ffca1b3a000 	C:\Windows\SYSTEM32\WINMMBASE.dll
0x00007ffca7900000 - 0x00007ffca7909000 	C:\Windows\system32\NSI.dll
0x00007ffca5a30000 - 0x00007ffca5a7f000 	C:\Windows\SYSTEM32\cfgmgr32.dll
0x00007ffca44c0000 - 0x00007ffca44e8000 	C:\Windows\SYSTEM32\DEVOBJ.dll
0x00000000732e0000 - 0x00000000732ef000 	C:\Program Files\Java\jdk1.8.0_40\jre\bin\verify.dll
0x0000000072700000 - 0x0000000072729000 	C:\Program Files\Java\jdk1.8.0_40\jre\bin\java.dll
0x00000000726e0000 - 0x00000000726f6000 	C:\Program Files\Java\jdk1.8.0_40\jre\bin\zip.dll
0x00000000726c0000 - 0x00000000726da000 	C:\Program Files\Java\jdk1.8.0_40\jre\bin\net.dll
0x00007ffca4e90000 - 0x00007ffca4ee9000 	C:\Windows\system32\mswsock.dll
0x00000000726a0000 - 0x00000000726b1000 	C:\Program Files\Java\jdk1.8.0_40\jre\bin\nio.dll
0x00007ffca0200000 - 0x00007ffca0389000 	C:\Windows\SYSTEM32\dbghelp.dll

VM Arguments:
jvm_args: -Dclassworlds.conf=C:\Program Files\NetBeans 8.0.2\java\maven\bin\m2.conf -Dmaven.home=C:\Program Files\NetBeans 8.0.2\java\maven 
java_command: org.codehaus.plexus.classworlds.launcher.Launcher -Dmaven.ext.class.path=C:\Program Files\NetBeans 8.0.2\java\maven-nblib\netbeans-eventspy.jar -Dfile.encoding=UTF-8 install
java_class_path (initial): C:\Program Files\NetBeans 8.0.2\java\maven\boot\plexus-classworlds-2.4.jar
Launcher Type: SUN_STANDARD

Environment Variables:
JAVA_HOME=C:\Program Files\Java\jdk1.8.0_40
PATH=C:\Program Files (x86)\NVIDIA Corporation\PhysX\Common;C:\ProgramData\Oracle\Java\javapath;C:\Windows\system32;C:\Windows;C:\Windows\System32\Wbem;C:\Windows\System32\WindowsPowerShell\v1.0\;C:\Program Files (x86)\Skype\Phone\;C:\Program Files\Intel\WiFi\bin\;C:\Program Files\Common Files\Intel\WirelessCommon\;D:\Program Files\OpenVPN\bin;C:\Program Files\Intel\WiFi\bin\;C:\Program Files\Common Files\Intel\WirelessCommon\
USERNAME=Willem
OS=Windows_NT
PROCESSOR_IDENTIFIER=Intel64 Family 6 Model 58 Stepping 9, GenuineIntel



---------------  S Y S T E M  ---------------

OS: Windows 8.1 , 64 bit Build 9600 (6.3.9600.17415)

CPU:total 8 (4 cores per cpu, 2 threads per core) family 6 model 58 stepping 9, cmov, cx8, fxsr, mmx, sse, sse2, sse3, ssse3, sse4.1, sse4.2, popcnt, avx, aes, clmul, erms, ht, tsc, tscinvbit, tscinv

Memory: 4k page, physical 16726264k(8980536k free), swap 33503596k(24510308k free)

vm_info: Java HotSpot(TM) 64-Bit Server VM (25.40-b25) for windows-amd64 JRE (1.8.0_40-b25), built on Feb 10 2015 21:53:57 by "java_re" with MS VC++ 10.0 (VS2010)

time: Tue May 26 11:08:09 2015
elapsed time: 3 seconds (0d 0h 0m 3s)

