#
# A fatal error has been detected by the Java Runtime Environment:
#
#  EXCEPTION_ACCESS_VIOLATION (0xc0000005) at pc=0x0000000072c78515, pid=7736, tid=2092
#
# JRE version: Java(TM) SE Runtime Environment (8.0_40-b25) (build 1.8.0_40-b25)
# Java VM: Java HotSpot(TM) 64-Bit Server VM (25.40-b25 mixed mode windows-amd64 compressed oops)
# Problematic frame:
# V  [jvm.dll+0x508515]
#
# Failed to write core dump. Minidumps are not enabled by default on client versions of Windows
#
# If you would like to submit a bug report, please visit:
#   http://bugreport.java.com/bugreport/crash.jsp
#

---------------  T H R E A D  ---------------

Current thread (0x000000001e430000):  JavaThread "C2 CompilerThread2" daemon [_thread_in_native, id=2092, stack(0x000000001ec00000,0x000000001ed00000)]

siginfo: ExceptionCode=0xc0000005, reading address 0xffffffffffffffff

Registers:
RAX=0x00000000729c95d8, RBX=0x0000000000000001, RCX=0x0000000020bd5018, RDX=0x000000001f3b6510
RSP=0x000000001ecfbbe0, RBP=0x000000001ecfbce0, RSI=0x000000000000001d, RDI=0x000000001f325c40
R8 =0x0000000000001f38, R9 =0x0000000000001f38, R10=0x000000001e53a778, R11=0x0000000000000000
R12=0x000000001f325c50, R13=0x0000000023c3c8d0, R14=0x000000001ecfc2d0, R15=0x0000000020bd5018
RIP=0x0000000072c78515, EFLAGS=0x0000000000010293

Top of Stack: (sp=0x000000001ecfbbe0)
0x000000001ecfbbe0:   0000000072f3f610 000000000000001c
0x000000001ecfbbf0:   000000000000001c 0000000000000005
0x000000001ecfbc00:   0000000000002da0 0000000000002d95
0x000000001ecfbc10:   00000000221fcd00 000000001ecfbe00
0x000000001ecfbc20:   000000001ecfbe80 0000000000000014
0x000000001ecfbc30:   000000000000001d 000000001f325c40
0x000000001ecfbc40:   0000000000000002 0000000000000002
0x000000001ecfbc50:   0000000000000000 0000000200000022
0x000000001ecfbc60:   000026f100000000 000000001ecfbfb0
0x000000001ecfbc70:   000000000000000f 0000000020e7c920
0x000000001ecfbc80:   0000000000000002 000026f100000022
0x000000001ecfbc90:   000000001ecfbfb0 000000000000000f
0x000000001ecfbca0:   0000000022350f80 00000000000025dd
0x000000001ecfbcb0:   0000000023c3c8d0 000000001e493720
0x000000001ecfbcc0:   ffffffffdf3fe590 00000000000003d8
0x000000001ecfbcd0:   000000001e493af8 000000001e493710 

Instructions: (pc=0x0000000072c78515)
0x0000000072c784f5:   33 c0 49 89 04 db e9 fe fb ff ff 41 0f b6 47 2c
0x0000000072c78505:   24 7f 3c 4a 0f 84 12 04 00 00 49 8b 07 49 8b cf
0x0000000072c78515:   ff 90 90 00 00 00 4c 8b c8 48 89 44 24 70 48 85
0x0000000072c78525:   c0 74 15 48 8b c8 e8 90 ba f4 ff 4c 8b 4c 24 70 


Register to memory mapping:

RAX=0x00000000729c95d8 is an unknown value
RBX=0x0000000000000001 is an unknown value
RCX=0x0000000020bd5018 is an unknown value
RDX=0x000000001f3b6510 is an unknown value
RSP=0x000000001ecfbbe0 is pointing into the stack for thread: 0x000000001e430000
RBP=0x000000001ecfbce0 is pointing into the stack for thread: 0x000000001e430000
RSI=0x000000000000001d is an unknown value
RDI=0x000000001f325c40 is an unknown value
R8 =0x0000000000001f38 is an unknown value
R9 =0x0000000000001f38 is an unknown value
R10=0x000000001e53a778 is an unknown value
R11=0x0000000000000000 is an unknown value
R12=0x000000001f325c50 is an unknown value
R13=0x0000000023c3c8d0 is an unknown value
R14=0x000000001ecfc2d0 is pointing into the stack for thread: 0x000000001e430000
R15=0x0000000020bd5018 is an unknown value


Stack: [0x000000001ec00000,0x000000001ed00000],  sp=0x000000001ecfbbe0,  free space=1006k
Native frames: (J=compiled Java code, j=interpreted, Vv=VM code, C=native code)
V  [jvm.dll+0x508515]
V  [jvm.dll+0x45f852]
V  [jvm.dll+0x46a73b]
V  [jvm.dll+0x46cd52]
V  [jvm.dll+0x4500d2]
V  [jvm.dll+0xa4312]
V  [jvm.dll+0xa4c4f]
V  [jvm.dll+0x241914]
V  [jvm.dll+0x29848a]
C  [msvcr100.dll+0x21d9f]
C  [msvcr100.dll+0x21e3b]
C  [KERNEL32.DLL+0x13d2]
C  [ntdll.dll+0x15444]


Current CompileTask:
C2:   3937 3046       4       org.apache.maven.model.inheritance.DefaultInheritanceAssembler$InheritanceModelMerger::mergePluginContainer_Plugins (430 bytes)


---------------  P R O C E S S  ---------------

Java Threads: ( => current thread )
  0x000000002159b000 JavaThread "Thread-2" [_thread_in_native, id=7812, stack(0x0000000023570000,0x0000000023670000)]
  0x0000000021afe800 JavaThread "Thread-1" [_thread_in_native, id=3324, stack(0x0000000023470000,0x0000000023570000)]
  0x000000002002f000 JavaThread "ThreadedStreamConsumer" [_thread_blocked, id=888, stack(0x00000000236c0000,0x00000000237c0000)]
  0x00000000213ba000 JavaThread "resolver-4" daemon [_thread_blocked, id=2844, stack(0x00000000220a0000,0x00000000221a0000)]
  0x0000000021271800 JavaThread "resolver-3" daemon [_thread_blocked, id=6264, stack(0x0000000021fa0000,0x00000000220a0000)]
  0x0000000020e11000 JavaThread "resolver-2" daemon [_thread_blocked, id=2864, stack(0x0000000021ea0000,0x0000000021fa0000)]
  0x000000002236a000 JavaThread "resolver-1" daemon [_thread_blocked, id=6572, stack(0x0000000021da0000,0x0000000021ea0000)]
  0x000000001e44d800 JavaThread "Service Thread" daemon [_thread_blocked, id=7624, stack(0x000000001ee00000,0x000000001ef00000)]
  0x000000001e433000 JavaThread "C1 CompilerThread3" daemon [_thread_blocked, id=4604, stack(0x000000001ed00000,0x000000001ee00000)]
=>0x000000001e430000 JavaThread "C2 CompilerThread2" daemon [_thread_in_native, id=2092, stack(0x000000001ec00000,0x000000001ed00000)]
  0x000000001e42c000 JavaThread "C2 CompilerThread1" daemon [_thread_blocked, id=6760, stack(0x000000001eb00000,0x000000001ec00000)]
  0x000000001e427000 JavaThread "C2 CompilerThread0" daemon [_thread_blocked, id=5772, stack(0x000000001ea00000,0x000000001eb00000)]
  0x000000001e424800 JavaThread "Attach Listener" daemon [_thread_blocked, id=1368, stack(0x000000001e900000,0x000000001ea00000)]
  0x000000001e423800 JavaThread "Signal Dispatcher" daemon [_thread_blocked, id=5920, stack(0x000000001e800000,0x000000001e900000)]
  0x0000000002959800 JavaThread "Finalizer" daemon [_thread_blocked, id=5600, stack(0x000000001e300000,0x000000001e400000)]
  0x000000001c40d800 JavaThread "Reference Handler" daemon [_thread_blocked, id=5564, stack(0x000000001e200000,0x000000001e300000)]
  0x0000000000fed800 JavaThread "main" [_thread_in_native, id=7024, stack(0x0000000002760000,0x0000000002860000)]

Other Threads:
  0x000000001c408800 VMThread [stack: 0x000000001e100000,0x000000001e200000] [id=6424]
  0x000000001e44e000 WatcherThread [stack: 0x000000001ef00000,0x000000001f000000] [id=5064]

VM state:not at safepoint (normal execution)

VM Mutex/Monitor currently owned by a thread: None

Heap:
 PSYoungGen      total 76288K, used 40309K [0x000000076af00000, 0x0000000770400000, 0x00000007c0000000)
  eden space 65536K, 45% used [0x000000076af00000,0x000000076cc313c8,0x000000076ef00000)
  from space 10752K, 96% used [0x000000076ef00000,0x000000076f92c320,0x000000076f980000)
  to   space 10752K, 0% used [0x000000076f980000,0x000000076f980000,0x0000000770400000)
 ParOldGen       total 175104K, used 32K [0x00000006c0c00000, 0x00000006cb700000, 0x000000076af00000)
  object space 175104K, 0% used [0x00000006c0c00000,0x00000006c0c08000,0x00000006cb700000)
 Metaspace       used 15668K, capacity 16080K, committed 16384K, reserved 1062912K
  class space    used 1808K, capacity 1963K, committed 2048K, reserved 1048576K

Card table byte_map: [0x0000000011d20000,0x0000000012520000] byte_map_base: 0x000000000e71a000

Marking Bits: (ParMarkBitMap*) 0x0000000072f74040
 Begin Bits: [0x0000000013280000, 0x0000000017250000)
 End Bits:   [0x0000000017250000, 0x000000001b220000)

Polling page: 0x0000000000dc0000

CodeCache: size=245760Kb used=11663Kb max_used=11678Kb free=234096Kb
 bounds [0x0000000002960000, 0x00000000034e0000, 0x0000000011960000]
 total_blobs=3506 nmethods=3162 adapters=256
 compilation: enabled

Compilation events (10 events):
Event: 3.799 Thread 0x000000001e433000 3165       3       java.lang.ProcessEnvironment$NameComparator::compare (90 bytes)
Event: 3.800 Thread 0x000000001e433000 nmethod 3165 0x00000000034c5610 code [0x00000000034c5840, 0x00000000034c65b8]
Event: 3.800 Thread 0x000000001e433000 3167       3       java.lang.ProcessEnvironment$CheckedEntry::getKey (13 bytes)
Event: 3.801 Thread 0x000000001e433000 nmethod 3167 0x00000000034c6e90 code [0x00000000034c7000, 0x00000000034c7308]
Event: 3.801 Thread 0x000000001e433000 3166       3       java.lang.ProcessEnvironment$CheckedEntry::getKey (5 bytes)
Event: 3.801 Thread 0x000000001e433000 nmethod 3166 0x00000000034c73d0 code [0x00000000034c7540, 0x00000000034c78a8]
Event: 3.803 Thread 0x000000001e42c000 nmethod 3160 0x00000000034cadd0 code [0x00000000034caf40, 0x00000000034cb738]
Event: 3.803 Thread 0x000000001e42c000 3168       4       java.lang.Character::toUpperCase (6 bytes)
Event: 3.804 Thread 0x000000001e42c000 nmethod 3168 0x00000000034c7dd0 code [0x00000000034c7f00, 0x00000000034c7fd8]
Event: 3.836 Thread 0x000000001e427000 nmethod 3161 0x00000000034ce9d0 code [0x00000000034cebc0, 0x00000000034cfe30]

GC Heap History (6 events):
Event: 1.363 GC heap before
{Heap before GC invocations=1 (full 0):
 PSYoungGen      total 76288K, used 65536K [0x000000076af00000, 0x0000000770400000, 0x00000007c0000000)
  eden space 65536K, 100% used [0x000000076af00000,0x000000076ef00000,0x000000076ef00000)
  from space 10752K, 0% used [0x000000076f980000,0x000000076f980000,0x0000000770400000)
  to   space 10752K, 0% used [0x000000076ef00000,0x000000076ef00000,0x000000076f980000)
 ParOldGen       total 175104K, used 0K [0x00000006c0c00000, 0x00000006cb700000, 0x000000076af00000)
  object space 175104K, 0% used [0x00000006c0c00000,0x00000006c0c00000,0x00000006cb700000)
 Metaspace       used 12140K, capacity 12378K, committed 12672K, reserved 1060864K
  class space    used 1491K, capacity 1547K, committed 1664K, reserved 1048576K
Event: 1.371 GC heap after
Heap after GC invocations=1 (full 0):
 PSYoungGen      total 76288K, used 10003K [0x000000076af00000, 0x0000000770400000, 0x00000007c0000000)
  eden space 65536K, 0% used [0x000000076af00000,0x000000076af00000,0x000000076ef00000)
  from space 10752K, 93% used [0x000000076ef00000,0x000000076f8c4f10,0x000000076f980000)
  to   space 10752K, 0% used [0x000000076f980000,0x000000076f980000,0x0000000770400000)
 ParOldGen       total 175104K, used 16K [0x00000006c0c00000, 0x00000006cb700000, 0x000000076af00000)
  object space 175104K, 0% used [0x00000006c0c00000,0x00000006c0c04000,0x00000006cb700000)
 Metaspace       used 12140K, capacity 12378K, committed 12672K, reserved 1060864K
  class space    used 1491K, capacity 1547K, committed 1664K, reserved 1048576K
}
Event: 2.020 GC heap before
{Heap before GC invocations=2 (full 0):
 PSYoungGen      total 76288K, used 75539K [0x000000076af00000, 0x0000000770400000, 0x00000007c0000000)
  eden space 65536K, 100% used [0x000000076af00000,0x000000076ef00000,0x000000076ef00000)
  from space 10752K, 93% used [0x000000076ef00000,0x000000076f8c4f10,0x000000076f980000)
  to   space 10752K, 0% used [0x000000076f980000,0x000000076f980000,0x0000000770400000)
 ParOldGen       total 175104K, used 16K [0x00000006c0c00000, 0x00000006cb700000, 0x000000076af00000)
  object space 175104K, 0% used [0x00000006c0c00000,0x00000006c0c04000,0x00000006cb700000)
 Metaspace       used 12884K, capacity 13074K, committed 13440K, reserved 1060864K
  class space    used 1529K, capacity 1583K, committed 1664K, reserved 1048576K
Event: 2.027 GC heap after
Heap after GC invocations=2 (full 0):
 PSYoungGen      total 76288K, used 7323K [0x000000076af00000, 0x0000000770400000, 0x00000007c0000000)
  eden space 65536K, 0% used [0x000000076af00000,0x000000076af00000,0x000000076ef00000)
  from space 10752K, 68% used [0x000000076f980000,0x00000007700a6fe8,0x0000000770400000)
  to   space 10752K, 0% used [0x000000076ef00000,0x000000076ef00000,0x000000076f980000)
 ParOldGen       total 175104K, used 24K [0x00000006c0c00000, 0x00000006cb700000, 0x000000076af00000)
  object space 175104K, 0% used [0x00000006c0c00000,0x00000006c0c06000,0x00000006cb700000)
 Metaspace       used 12884K, capacity 13074K, committed 13440K, reserved 1060864K
  class space    used 1529K, capacity 1583K, committed 1664K, reserved 1048576K
}
Event: 3.128 GC heap before
{Heap before GC invocations=3 (full 0):
 PSYoungGen      total 76288K, used 72859K [0x000000076af00000, 0x0000000770400000, 0x00000007c0000000)
  eden space 65536K, 100% used [0x000000076af00000,0x000000076ef00000,0x000000076ef00000)
  from space 10752K, 68% used [0x000000076f980000,0x00000007700a6fe8,0x0000000770400000)
  to   space 10752K, 0% used [0x000000076ef00000,0x000000076ef00000,0x000000076f980000)
 ParOldGen       total 175104K, used 24K [0x00000006c0c00000, 0x00000006cb700000, 0x000000076af00000)
  object space 175104K, 0% used [0x00000006c0c00000,0x00000006c0c06000,0x00000006cb700000)
 Metaspace       used 14122K, capacity 14376K, committed 14592K, reserved 1062912K
  class space    used 1651K, capacity 1760K, committed 1792K, reserved 1048576K
Event: 3.137 GC heap after
Heap after GC invocations=3 (full 0):
 PSYoungGen      total 76288K, used 10416K [0x000000076af00000, 0x0000000770400000, 0x00000007c0000000)
  eden space 65536K, 0% used [0x000000076af00000,0x000000076af00000,0x000000076ef00000)
  from space 10752K, 96% used [0x000000076ef00000,0x000000076f92c320,0x000000076f980000)
  to   space 10752K, 0% used [0x000000076f980000,0x000000076f980000,0x0000000770400000)
 ParOldGen       total 175104K, used 32K [0x00000006c0c00000, 0x00000006cb700000, 0x000000076af00000)
  object space 175104K, 0% used [0x00000006c0c00000,0x00000006c0c08000,0x00000006cb700000)
 Metaspace       used 14122K, capacity 14376K, committed 14592K, reserved 1062912K
  class space    used 1651K, capacity 1760K, committed 1792K, reserved 1048576K
}

Deoptimization events (10 events):
Event: 3.649 Thread 0x0000000000fed800 Uncommon trap: reason=unstable_if action=reinterpret pc=0x0000000003315598 method=org.apache.maven.model.ConfigurationContainer.setLocation(Ljava/lang/Object;Lorg/apache/maven/model/InputLocation;)V @ 1
Event: 3.650 Thread 0x0000000000fed800 Uncommon trap: reason=null_check action=make_not_entrant pc=0x0000000003130844 method=org.apache.maven.model.ConfigurationContainer.getLocation(Ljava/lang/Object;)Lorg/apache/maven/model/InputLocation; @ 17
Event: 3.686 Thread 0x0000000000fed800 Uncommon trap: reason=speculate_class_check action=maybe_recompile pc=0x0000000003209860 method=java.util.ArrayList.<init>(Ljava/util/Collection;)V @ 36
Event: 3.686 Thread 0x0000000000fed800 Uncommon trap: reason=speculate_class_check action=maybe_recompile pc=0x0000000003209860 method=java.util.ArrayList.<init>(Ljava/util/Collection;)V @ 36
Event: 3.697 Thread 0x0000000000fed800 Uncommon trap: reason=unstable_if action=reinterpret pc=0x00000000031cae54 method=java.io.WinNTFileSystem.normalize(Ljava/lang/String;)Ljava/lang/String; @ 128
Event: 3.697 Thread 0x0000000000fed800 Uncommon trap: reason=class_check action=maybe_recompile pc=0x0000000002f7e218 method=java.util.AbstractList$Itr.hasNext()Z @ 8
Event: 3.697 Thread 0x0000000000fed800 Uncommon trap: reason=class_check action=maybe_recompile pc=0x0000000002f9ec58 method=java.util.AbstractList$Itr.next()Ljava/lang/Object; @ 14
Event: 3.703 Thread 0x0000000000fed800 Uncommon trap: reason=predicate action=maybe_recompile pc=0x0000000003485408 method=java.lang.String.regionMatches(ZILjava/lang/String;II)Z @ 63
Event: 3.764 Thread 0x0000000000fed800 Uncommon trap: reason=unstable_if action=reinterpret pc=0x00000000033e0078 method=java.util.StringTokenizer.setMaxDelimCodePoint()V @ 71
Event: 3.765 Thread 0x0000000000fed800 Uncommon trap: reason=bimorphic action=maybe_recompile pc=0x00000000030bfbd0 method=java.util.concurrent.ConcurrentHashMap.get(Ljava/lang/Object;)Ljava/lang/Object; @ 149

Internal exceptions (10 events):
Event: 0.783 Thread 0x0000000000fed800 Exception <a 'java/lang/NoClassDefFoundError'> (0x000000076d1d51c0) thrown at [D:\re\workspace\8-2-build-windows-amd64-cygwin\jdk8u40\2855\hotspot\src\share\vm\oops\instanceKlass.cpp, line 938]
Event: 1.359 Thread 0x0000000000fed800 Implicit null exception at 0x0000000002d37ad5 to 0x0000000002d37cd9
Event: 1.359 Thread 0x0000000000fed800 Implicit null exception at 0x0000000002c747af to 0x0000000002c74819
Event: 1.420 Thread 0x0000000000fed800 Implicit null exception at 0x0000000002e89e36 to 0x0000000002e8a0c5
Event: 1.661 Thread 0x0000000000fed800 Implicit null exception at 0x0000000002d1553b to 0x0000000002d15c75
Event: 2.370 Thread 0x0000000000fed800 Exception <a 'java/lang/NoClassDefFoundError': org/slf4j/Logger> (0x000000076d4fa890) thrown at [D:\re\workspace\8-2-build-windows-amd64-cygwin\jdk8u40\2855\hotspot\src\share\vm\oops\constantPool.cpp, line 235]
Event: 3.003 Thread 0x0000000000fed800 Exception <a 'java/lang/NoClassDefFoundError': org/slf4j/Logger> (0x000000076df1b4a0) thrown at [D:\re\workspace\8-2-build-windows-amd64-cygwin\jdk8u40\2855\hotspot\src\share\vm\oops\constantPool.cpp, line 235]
Event: 3.175 Thread 0x0000000000fed800 Exception <a 'java/lang/NoClassDefFoundError': org/slf4j/Logger> (0x000000076b337e88) thrown at [D:\re\workspace\8-2-build-windows-amd64-cygwin\jdk8u40\2855\hotspot\src\share\vm\oops\constantPool.cpp, line 235]
Event: 3.607 Thread 0x0000000000fed800 Exception <a 'java/lang/NoClassDefFoundError': org/slf4j/Logger> (0x000000076bdfe438) thrown at [D:\re\workspace\8-2-build-windows-amd64-cygwin\jdk8u40\2855\hotspot\src\share\vm\oops\constantPool.cpp, line 235]
Event: 3.650 Thread 0x0000000000fed800 Implicit null exception at 0x00000000031307fc to 0x000000000313083a

Events (10 events):
Event: 3.801 loading class org/codehaus/plexus/util/cli/AbstractStreamHandler
Event: 3.801 loading class org/codehaus/plexus/util/cli/AbstractStreamHandler done
Event: 3.802 Thread 0x0000000021afe800 Thread added: 0x0000000021afe800
Event: 3.802 Thread 0x000000002159b000 Thread added: 0x000000002159b000
Event: 3.802 loading class org/codehaus/plexus/util/cli/ShutdownHookUtils
Event: 3.802 loading class org/codehaus/plexus/util/cli/ShutdownHookUtils done
Event: 3.802 loading class org/codehaus/plexus/util/cli/ShutdownHookUtils
Event: 3.802 loading class org/codehaus/plexus/util/cli/ShutdownHookUtils done
Event: 3.803 loading class java/security/AccessControlException
Event: 3.803 loading class java/security/AccessControlException done


Dynamic libraries:
0x00007ff7db2b0000 - 0x00007ff7db2e7000 	C:\Program Files\Java\jdk1.8.0_40\bin\java.exe
0x00007ffca8580000 - 0x00007ffca872c000 	C:\Windows\SYSTEM32\ntdll.dll
0x00007ffca7600000 - 0x00007ffca773e000 	C:\Windows\system32\KERNEL32.DLL
0x00007ffca5ae0000 - 0x00007ffca5bf5000 	C:\Windows\system32\KERNELBASE.dll
0x00007ffca4270000 - 0x00007ffca42fe000 	C:\Windows\system32\apphelp.dll
0x00007ffc98540000 - 0x00007ffc98593000 	C:\Windows\AppPatch\AppPatch64\AcGenral.DLL
0x00007ffca7ac0000 - 0x00007ffca7b6a000 	C:\Windows\system32\msvcrt.dll
0x00007ffca54a0000 - 0x00007ffca54ce000 	C:\Windows\SYSTEM32\SspiCli.dll
0x00007ffca82c0000 - 0x00007ffca8314000 	C:\Windows\system32\SHLWAPI.dll
0x00007ffca7940000 - 0x00007ffca7ab7000 	C:\Windows\system32\USER32.dll
0x00007ffca7de0000 - 0x00007ffca7f74000 	C:\Windows\system32\ole32.dll
0x00007ffca60d0000 - 0x00007ffca75e8000 	C:\Windows\system32\SHELL32.dll
0x00007ffca4ce0000 - 0x00007ffca4d01000 	C:\Windows\SYSTEM32\USERENV.dll
0x00007ffca8370000 - 0x00007ffca841a000 	C:\Windows\system32\ADVAPI32.dll
0x00007ffc96c20000 - 0x00007ffc96c3e000 	C:\Windows\SYSTEM32\MPR.dll
0x00007ffca5f80000 - 0x00007ffca60c1000 	C:\Windows\system32\RPCRT4.dll
0x00007ffca5f20000 - 0x00007ffca5f79000 	C:\Windows\SYSTEM32\sechost.dll
0x00007ffca80a0000 - 0x00007ffca82b1000 	C:\Windows\SYSTEM32\combase.dll
0x00007ffca8420000 - 0x00007ffca8571000 	C:\Windows\system32\GDI32.dll
0x00007ffca56d0000 - 0x00007ffca56e5000 	C:\Windows\SYSTEM32\profapi.dll
0x00007ffca3c20000 - 0x00007ffca3cd2000 	C:\Windows\SYSTEM32\SHCORE.dll
0x00007ffca8330000 - 0x00007ffca8366000 	C:\Windows\system32\IMM32.DLL
0x00007ffca7740000 - 0x00007ffca7892000 	C:\Windows\system32\MSCTF.dll
0x00007ffca3310000 - 0x00007ffca358b000 	C:\Windows\WinSxS\amd64_microsoft.windows.common-controls_6595b64144ccf1df_6.0.9600.17784_none_624760d1ecb7236e\COMCTL32.dll
0x00000000732f0000 - 0x00000000733c2000 	C:\Program Files\Java\jdk1.8.0_40\jre\bin\msvcr100.dll
0x0000000072770000 - 0x0000000072ff3000 	C:\Program Files\Java\jdk1.8.0_40\jre\bin\server\jvm.dll
0x00007ffc9b8b0000 - 0x00007ffc9b8b9000 	C:\Windows\SYSTEM32\WSOCK32.dll
0x00007ffca1b50000 - 0x00007ffca1b72000 	C:\Windows\SYSTEM32\WINMM.dll
0x00007ffca20a0000 - 0x00007ffca20aa000 	C:\Windows\SYSTEM32\VERSION.dll
0x00007ffca7930000 - 0x00007ffca7937000 	C:\Windows\system32\PSAPI.DLL
0x00007ffca7f80000 - 0x00007ffca7fda000 	C:\Windows\system32\WS2_32.dll
0x00007ffca1b10000 - 0x00007ffca1b3a000 	C:\Windows\SYSTEM32\WINMMBASE.dll
0x00007ffca7900000 - 0x00007ffca7909000 	C:\Windows\system32\NSI.dll
0x00007ffca5a30000 - 0x00007ffca5a7f000 	C:\Windows\SYSTEM32\cfgmgr32.dll
0x00007ffca44c0000 - 0x00007ffca44e8000 	C:\Windows\SYSTEM32\DEVOBJ.dll
0x00000000732e0000 - 0x00000000732ef000 	C:\Program Files\Java\jdk1.8.0_40\jre\bin\verify.dll
0x0000000072700000 - 0x0000000072729000 	C:\Program Files\Java\jdk1.8.0_40\jre\bin\java.dll
0x00000000726e0000 - 0x00000000726f6000 	C:\Program Files\Java\jdk1.8.0_40\jre\bin\zip.dll
0x00000000726c0000 - 0x00000000726da000 	C:\Program Files\Java\jdk1.8.0_40\jre\bin\net.dll
0x00007ffca4e90000 - 0x00007ffca4ee9000 	C:\Windows\system32\mswsock.dll
0x00000000726a0000 - 0x00000000726b1000 	C:\Program Files\Java\jdk1.8.0_40\jre\bin\nio.dll
0x00007ffca5030000 - 0x00007ffca5050000 	C:\Windows\SYSTEM32\CRYPTSP.dll
0x00007ffca4e30000 - 0x00007ffca4e66000 	C:\Windows\system32\rsaenh.dll
0x00007ffca5150000 - 0x00007ffca5176000 	C:\Windows\SYSTEM32\bcrypt.dll
0x00007ffca5530000 - 0x00007ffca5593000 	C:\Windows\system32\bcryptprimitives.dll
0x00007ffca55a0000 - 0x00007ffca55ab000 	C:\Windows\SYSTEM32\CRYPTBASE.dll
0x00007ffc9ecb0000 - 0x00007ffc9ecda000 	C:\Windows\SYSTEM32\IPHLPAPI.DLL
0x00007ffc9eca0000 - 0x00007ffc9ecaa000 	C:\Windows\SYSTEM32\WINNSI.DLL
0x00007ffc9e540000 - 0x00007ffc9e556000 	C:\Windows\SYSTEM32\dhcpcsvc6.DLL
0x00007ffc9e7a0000 - 0x00007ffc9e7ba000 	C:\Windows\SYSTEM32\dhcpcsvc.DLL
0x00007ffca0200000 - 0x00007ffca0389000 	C:\Windows\SYSTEM32\dbghelp.dll

VM Arguments:
jvm_args: -Dclassworlds.conf=C:\Program Files\NetBeans 8.0.2\java\maven\bin\m2.conf -Dmaven.home=C:\Program Files\NetBeans 8.0.2\java\maven 
java_command: org.codehaus.plexus.classworlds.launcher.Launcher -Dmaven.ext.class.path=C:\Program Files\NetBeans 8.0.2\java\maven-nblib\netbeans-eventspy.jar -Dfile.encoding=UTF-8 install
java_class_path (initial): C:\Program Files\NetBeans 8.0.2\java\maven\boot\plexus-classworlds-2.4.jar
Launcher Type: SUN_STANDARD

Environment Variables:
JAVA_HOME=C:\Program Files\Java\jdk1.8.0_40
PATH=C:\Program Files (x86)\NVIDIA Corporation\PhysX\Common;C:\ProgramData\Oracle\Java\javapath;C:\Windows\system32;C:\Windows;C:\Windows\System32\Wbem;C:\Windows\System32\WindowsPowerShell\v1.0\;C:\Program Files (x86)\Skype\Phone\;C:\Program Files\Intel\WiFi\bin\;C:\Program Files\Common Files\Intel\WirelessCommon\;D:\Program Files\OpenVPN\bin;C:\Program Files\Intel\WiFi\bin\;C:\Program Files\Common Files\Intel\WirelessCommon\
USERNAME=Willem
OS=Windows_NT
PROCESSOR_IDENTIFIER=Intel64 Family 6 Model 58 Stepping 9, GenuineIntel



---------------  S Y S T E M  ---------------

OS: Windows 8.1 , 64 bit Build 9600 (6.3.9600.17415)

CPU:total 8 (4 cores per cpu, 2 threads per core) family 6 model 58 stepping 9, cmov, cx8, fxsr, mmx, sse, sse2, sse3, ssse3, sse4.1, sse4.2, popcnt, avx, aes, clmul, erms, ht, tsc, tscinvbit, tscinv

Memory: 4k page, physical 16726264k(8170416k free), swap 33503596k(22916936k free)

vm_info: Java HotSpot(TM) 64-Bit Server VM (25.40-b25) for windows-amd64 JRE (1.8.0_40-b25), built on Feb 10 2015 21:53:57 by "java_re" with MS VC++ 10.0 (VS2010)

time: Tue May 26 12:21:20 2015
elapsed time: 3 seconds (0d 0h 0m 3s)

